GROUP,PACKAGE,CLASS,INSTRUCTION_MISSED,INSTRUCTION_COVERED,BRANCH_MISSED,BRANCH_COVERED,LINE_MISSED,LINE_COVERED,COMPLEXITY_MISSED,COMPLEXITY_COVERED,METHOD_MISSED,METHOD_COVERED
hw2-problem2,edu.postech.csed332.homework2,DelegateTree,0,280,0,28,0,50,0,32,0,18
hw2-problem2,edu.postech.csed332.homework2,Edge,8,25,0,2,1,3,1,3,1,2
hw2-problem2,edu.postech.csed332.homework2,MutableTree,2,0,0,0,1,0,1,0,1,0
hw2-problem2,edu.postech.csed332.homework2,Graph,27,53,0,6,3,11,1,6,1,3
hw2-problem2,edu.postech.csed332.homework2,ParentPointerTree.Node,0,9,0,0,0,1,0,1,0,1
hw2-problem2,edu.postech.csed332.homework2,Tree,32,0,0,0,4,0,1,0,1,0
hw2-problem2,edu.postech.csed332.homework2,AdjacencyListGraph,0,210,0,10,0,34,0,24,0,19
hw2-problem2,edu.postech.csed332.homework2,ParentPointerTree,0,320,0,32,0,54,0,38,0,22
